<?xml version="1.0" encoding="UTF-8"?>
<!-- Generated by org.testng.reporters.JUnitReportReporter -->
<testsuite hostname="VarunKumar" failures="0" tests="4" name="testcase.MyFirstTest" time="21.500" errors="0" timestamp="2025-06-20T16:19:28 IST" skipped="0">
  <testcase classname="testcase.MyFirstTest" name="LoginTest" time="5.234"/>
  <testcase classname="testcase.MyFirstTest" name="LoginTest" time="5.397"/>
  <testcase classname="testcase.MyFirstTest" name="LoginTest" time="5.263"/>
  <testcase classname="testcase.MyFirstTest" name="LoginTest" time="5.606"/>
</testsuite> <!-- testcase.MyFirstTest -->
